2023-03-08 08:51:47.857  INFO 56752 --- [restartedMain] c.e.C.ContactManagerApplication          : Starting ContactManagerApplication using Java 19.0.1 on PSNYXZHCG261 with PID 56752 (C:\Users\Learner_XZHCG261\IdeaProjects\ContactsManager\target\classes started by Learner_XZHCG261 in C:\Users\Learner_XZHCG261\IdeaProjects\ContactsManager)
2023-03-08 08:51:47.858  INFO 56752 --- [restartedMain] c.e.C.ContactManagerApplication          : No active profile set, falling back to 1 default profile: "default"
2023-03-08 08:51:47.919  INFO 56752 --- [restartedMain] .e.DevToolsPropertyDefaultsPostProcessor : Devtools property defaults active! Set 'spring.devtools.add-properties' to 'false' to disable
2023-03-08 08:51:47.919  INFO 56752 --- [restartedMain] .e.DevToolsPropertyDefaultsPostProcessor : For additional web related logging consider setting the 'logging.level.web' property to 'DEBUG'
2023-03-08 08:51:48.395  INFO 56752 --- [restartedMain] .s.d.r.c.RepositoryConfigurationDelegate : Bootstrapping Spring Data JPA repositories in DEFAULT mode.
2023-03-08 08:51:48.451  INFO 56752 --- [restartedMain] .s.d.r.c.RepositoryConfigurationDelegate : Finished Spring Data repository scanning in 48 ms. Found 3 JPA repository interfaces.
2023-03-08 08:51:49.496  INFO 56752 --- [restartedMain] o.s.b.w.embedded.tomcat.TomcatWebServer  : Tomcat initialized with port(s): 8080 (http)
2023-03-08 08:51:49.509  INFO 56752 --- [restartedMain] o.apache.catalina.core.StandardService   : Starting service [Tomcat]
2023-03-08 08:51:49.509  INFO 56752 --- [restartedMain] org.apache.catalina.core.StandardEngine  : Starting Servlet engine: [Apache Tomcat/9.0.71]
2023-03-08 08:51:49.605  INFO 56752 --- [restartedMain] o.a.c.c.C.[Tomcat].[localhost].[/]       : Initializing Spring embedded WebApplicationContext
2023-03-08 08:51:49.605  INFO 56752 --- [restartedMain] w.s.c.ServletWebServerApplicationContext : Root WebApplicationContext: initialization completed in 1685 ms
2023-03-08 08:51:49.828  INFO 56752 --- [restartedMain] o.hibernate.jpa.internal.util.LogHelper  : HHH000204: Processing PersistenceUnitInfo [name: default]
2023-03-08 08:51:49.878  INFO 56752 --- [restartedMain] org.hibernate.Version                    : HHH000412: Hibernate ORM core version 5.6.14.Final
2023-03-08 08:51:50.004  INFO 56752 --- [restartedMain] o.hibernate.annotations.common.Version   : HCANN000001: Hibernate Commons Annotations {5.1.2.Final}
2023-03-08 08:51:50.086  INFO 56752 --- [restartedMain] com.zaxxer.hikari.HikariDataSource       : HikariPool-1 - Starting...
2023-03-08 08:51:50.353  INFO 56752 --- [restartedMain] com.zaxxer.hikari.HikariDataSource       : HikariPool-1 - Start completed.
2023-03-08 08:51:50.368  INFO 56752 --- [restartedMain] org.hibernate.dialect.Dialect            : HHH000400: Using dialect: org.hibernate.dialect.MySQL55Dialect
2023-03-08 08:51:50.993  INFO 56752 --- [restartedMain] o.h.e.t.j.p.i.JtaPlatformInitiator       : HHH000490: Using JtaPlatform implementation: [org.hibernate.engine.transaction.jta.platform.internal.NoJtaPlatform]
2023-03-08 08:51:50.999  INFO 56752 --- [restartedMain] j.LocalContainerEntityManagerFactoryBean : Initialized JPA EntityManagerFactory for persistence unit 'default'
2023-03-08 08:51:51.627  INFO 56752 --- [restartedMain] o.s.s.web.DefaultSecurityFilterChain     : Will secure any request with [org.springframework.security.web.session.DisableEncodeUrlFilter@4577e0b8, org.springframework.security.web.context.request.async.WebAsyncManagerIntegrationFilter@43b781a8, org.springframework.security.web.context.SecurityContextPersistenceFilter@4d2eb708, org.springframework.security.web.header.HeaderWriterFilter@3aef0216, org.springframework.security.web.authentication.logout.LogoutFilter@247d1c92, org.springframework.security.web.authentication.UsernamePasswordAuthenticationFilter@737eb701, org.springframework.security.web.savedrequest.RequestCacheAwareFilter@77ee72f3, org.springframework.security.web.servletapi.SecurityContextHolderAwareRequestFilter@4203ffb3, org.springframework.security.web.authentication.AnonymousAuthenticationFilter@397194ec, org.springframework.security.web.session.SessionManagementFilter@3902a55d, org.springframework.security.web.access.ExceptionTranslationFilter@287a07c, org.springframework.security.web.access.intercept.AuthorizationFilter@1bb34938]
2023-03-08 08:51:51.726  WARN 56752 --- [restartedMain] JpaBaseConfiguration$JpaWebConfiguration : spring.jpa.open-in-view is enabled by default. Therefore, database queries may be performed during view rendering. Explicitly configure spring.jpa.open-in-view to disable this warning
2023-03-08 08:51:52.190  INFO 56752 --- [restartedMain] o.s.b.d.a.OptionalLiveReloadServer       : LiveReload server is running on port 35729
2023-03-08 08:51:52.232  INFO 56752 --- [restartedMain] o.s.b.w.embedded.tomcat.TomcatWebServer  : Tomcat started on port(s): 8080 (http) with context path ''
2023-03-08 08:51:52.242  INFO 56752 --- [restartedMain] c.e.C.ContactManagerApplication          : Started ContactManagerApplication in 4.788 seconds (JVM running for 5.278)
2023-03-08 08:55:47.741  INFO 56752 --- [SpringApplicationShutdownHook] j.LocalContainerEntityManagerFactoryBean : Closing JPA EntityManagerFactory for persistence unit 'default'
2023-03-08 08:55:47.744  INFO 56752 --- [SpringApplicationShutdownHook] com.zaxxer.hikari.HikariDataSource       : HikariPool-1 - Shutdown initiated...
2023-03-08 08:55:47.752  INFO 56752 --- [SpringApplicationShutdownHook] com.zaxxer.hikari.HikariDataSource       : HikariPool-1 - Shutdown completed.
2023-03-08 08:55:50.226  INFO 25832 --- [restartedMain] c.e.C.ContactManagerApplication          : Starting ContactManagerApplication using Java 19.0.1 on PSNYXZHCG261 with PID 25832 (C:\Users\Learner_XZHCG261\IdeaProjects\ContactsManager\target\classes started by Learner_XZHCG261 in C:\Users\Learner_XZHCG261\IdeaProjects\ContactsManager)
2023-03-08 08:55:50.228  INFO 25832 --- [restartedMain] c.e.C.ContactManagerApplication          : No active profile set, falling back to 1 default profile: "default"
2023-03-08 08:55:50.301  INFO 25832 --- [restartedMain] .e.DevToolsPropertyDefaultsPostProcessor : Devtools property defaults active! Set 'spring.devtools.add-properties' to 'false' to disable
2023-03-08 08:55:50.302  INFO 25832 --- [restartedMain] .e.DevToolsPropertyDefaultsPostProcessor : For additional web related logging consider setting the 'logging.level.web' property to 'DEBUG'
2023-03-08 08:55:50.783  INFO 25832 --- [restartedMain] .s.d.r.c.RepositoryConfigurationDelegate : Bootstrapping Spring Data JPA repositories in DEFAULT mode.
2023-03-08 08:55:50.836  INFO 25832 --- [restartedMain] .s.d.r.c.RepositoryConfigurationDelegate : Finished Spring Data repository scanning in 43 ms. Found 3 JPA repository interfaces.
2023-03-08 08:55:51.873  INFO 25832 --- [restartedMain] o.s.b.w.embedded.tomcat.TomcatWebServer  : Tomcat initialized with port(s): 8080 (http)
2023-03-08 08:55:51.893  INFO 25832 --- [restartedMain] o.apache.catalina.core.StandardService   : Starting service [Tomcat]
2023-03-08 08:55:51.894  INFO 25832 --- [restartedMain] org.apache.catalina.core.StandardEngine  : Starting Servlet engine: [Apache Tomcat/9.0.71]
2023-03-08 08:55:52.012  INFO 25832 --- [restartedMain] o.a.c.c.C.[Tomcat].[localhost].[/]       : Initializing Spring embedded WebApplicationContext
2023-03-08 08:55:52.012  INFO 25832 --- [restartedMain] w.s.c.ServletWebServerApplicationContext : Root WebApplicationContext: initialization completed in 1708 ms
2023-03-08 08:55:52.275  INFO 25832 --- [restartedMain] o.hibernate.jpa.internal.util.LogHelper  : HHH000204: Processing PersistenceUnitInfo [name: default]
2023-03-08 08:55:52.332  INFO 25832 --- [restartedMain] org.hibernate.Version                    : HHH000412: Hibernate ORM core version 5.6.14.Final
2023-03-08 08:55:52.507  INFO 25832 --- [restartedMain] o.hibernate.annotations.common.Version   : HCANN000001: Hibernate Commons Annotations {5.1.2.Final}
2023-03-08 08:55:52.590  INFO 25832 --- [restartedMain] com.zaxxer.hikari.HikariDataSource       : HikariPool-1 - Starting...
2023-03-08 08:55:52.857  INFO 25832 --- [restartedMain] com.zaxxer.hikari.HikariDataSource       : HikariPool-1 - Start completed.
2023-03-08 08:55:52.869  INFO 25832 --- [restartedMain] org.hibernate.dialect.Dialect            : HHH000400: Using dialect: org.hibernate.dialect.MySQL55Dialect
2023-03-08 08:55:53.505  INFO 25832 --- [restartedMain] o.h.e.t.j.p.i.JtaPlatformInitiator       : HHH000490: Using JtaPlatform implementation: [org.hibernate.engine.transaction.jta.platform.internal.NoJtaPlatform]
2023-03-08 08:55:53.511  INFO 25832 --- [restartedMain] j.LocalContainerEntityManagerFactoryBean : Initialized JPA EntityManagerFactory for persistence unit 'default'
2023-03-08 08:55:54.126  INFO 25832 --- [restartedMain] o.s.s.web.DefaultSecurityFilterChain     : Will secure any request with [org.springframework.security.web.session.DisableEncodeUrlFilter@12f9a1af, org.springframework.security.web.context.request.async.WebAsyncManagerIntegrationFilter@30af7576, org.springframework.security.web.context.SecurityContextPersistenceFilter@1bb34938, org.springframework.security.web.header.HeaderWriterFilter@2350eed4, org.springframework.security.web.authentication.logout.LogoutFilter@5acee60, org.springframework.security.web.authentication.UsernamePasswordAuthenticationFilter@ae51234, org.springframework.security.web.savedrequest.RequestCacheAwareFilter@7ff0a983, org.springframework.security.web.servletapi.SecurityContextHolderAwareRequestFilter@397194ec, org.springframework.security.web.authentication.AnonymousAuthenticationFilter@7db457d9, org.springframework.security.web.session.SessionManagementFilter@43257007, org.springframework.security.web.access.ExceptionTranslationFilter@56434d8c, org.springframework.security.web.access.intercept.AuthorizationFilter@3763633a]
2023-03-08 08:55:54.205  WARN 25832 --- [restartedMain] JpaBaseConfiguration$JpaWebConfiguration : spring.jpa.open-in-view is enabled by default. Therefore, database queries may be performed during view rendering. Explicitly configure spring.jpa.open-in-view to disable this warning
2023-03-08 08:55:54.611  INFO 25832 --- [restartedMain] o.s.b.d.a.OptionalLiveReloadServer       : LiveReload server is running on port 35729
2023-03-08 08:55:54.657  INFO 25832 --- [restartedMain] o.s.b.w.embedded.tomcat.TomcatWebServer  : Tomcat started on port(s): 8080 (http) with context path ''
2023-03-08 08:55:54.670  INFO 25832 --- [restartedMain] c.e.C.ContactManagerApplication          : Started ContactManagerApplication in 4.845 seconds (JVM running for 5.382)
2023-03-08 08:56:05.913  INFO 25832 --- [http-nio-8080-exec-1] o.a.c.c.C.[Tomcat].[localhost].[/]       : Initializing Spring DispatcherServlet 'dispatcherServlet'
2023-03-08 08:56:05.914  INFO 25832 --- [http-nio-8080-exec-1] o.s.web.servlet.DispatcherServlet        : Initializing Servlet 'dispatcherServlet'
2023-03-08 08:56:05.914  INFO 25832 --- [http-nio-8080-exec-1] o.s.web.servlet.DispatcherServlet        : Completed initialization in 0 ms
2023-03-08 08:57:23.873  INFO 25832 --- [http-nio-8080-exec-9] c.e.C.controller.HomeController          : user signup form
2023-03-08 08:58:55.390  INFO 25832 --- [SpringApplicationShutdownHook] j.LocalContainerEntityManagerFactoryBean : Closing JPA EntityManagerFactory for persistence unit 'default'
2023-03-08 08:58:55.395  INFO 25832 --- [SpringApplicationShutdownHook] com.zaxxer.hikari.HikariDataSource       : HikariPool-1 - Shutdown initiated...
2023-03-08 08:58:55.403  INFO 25832 --- [SpringApplicationShutdownHook] com.zaxxer.hikari.HikariDataSource       : HikariPool-1 - Shutdown completed.
2023-03-08 08:58:57.878  INFO 51920 --- [restartedMain] c.e.C.ContactManagerApplication          : Starting ContactManagerApplication using Java 19.0.1 on PSNYXZHCG261 with PID 51920 (C:\Users\Learner_XZHCG261\IdeaProjects\ContactsManager\target\classes started by Learner_XZHCG261 in C:\Users\Learner_XZHCG261\IdeaProjects\ContactsManager)
2023-03-08 08:58:57.880  INFO 51920 --- [restartedMain] c.e.C.ContactManagerApplication          : No active profile set, falling back to 1 default profile: "default"
2023-03-08 08:58:57.955  INFO 51920 --- [restartedMain] .e.DevToolsPropertyDefaultsPostProcessor : Devtools property defaults active! Set 'spring.devtools.add-properties' to 'false' to disable
2023-03-08 08:58:57.955  INFO 51920 --- [restartedMain] .e.DevToolsPropertyDefaultsPostProcessor : For additional web related logging consider setting the 'logging.level.web' property to 'DEBUG'
2023-03-08 08:58:58.438  INFO 51920 --- [restartedMain] .s.d.r.c.RepositoryConfigurationDelegate : Bootstrapping Spring Data JPA repositories in DEFAULT mode.
2023-03-08 08:58:58.488  INFO 51920 --- [restartedMain] .s.d.r.c.RepositoryConfigurationDelegate : Finished Spring Data repository scanning in 42 ms. Found 3 JPA repository interfaces.
2023-03-08 08:58:59.550  INFO 51920 --- [restartedMain] o.s.b.w.embedded.tomcat.TomcatWebServer  : Tomcat initialized with port(s): 8080 (http)
2023-03-08 08:58:59.563  INFO 51920 --- [restartedMain] o.apache.catalina.core.StandardService   : Starting service [Tomcat]
2023-03-08 08:58:59.564  INFO 51920 --- [restartedMain] org.apache.catalina.core.StandardEngine  : Starting Servlet engine: [Apache Tomcat/9.0.71]
2023-03-08 08:58:59.657  INFO 51920 --- [restartedMain] o.a.c.c.C.[Tomcat].[localhost].[/]       : Initializing Spring embedded WebApplicationContext
2023-03-08 08:58:59.658  INFO 51920 --- [restartedMain] w.s.c.ServletWebServerApplicationContext : Root WebApplicationContext: initialization completed in 1702 ms
2023-03-08 08:58:59.882  INFO 51920 --- [restartedMain] o.hibernate.jpa.internal.util.LogHelper  : HHH000204: Processing PersistenceUnitInfo [name: default]
2023-03-08 08:58:59.922  INFO 51920 --- [restartedMain] org.hibernate.Version                    : HHH000412: Hibernate ORM core version 5.6.14.Final
2023-03-08 08:59:00.063  INFO 51920 --- [restartedMain] o.hibernate.annotations.common.Version   : HCANN000001: Hibernate Commons Annotations {5.1.2.Final}
2023-03-08 08:59:00.148  INFO 51920 --- [restartedMain] com.zaxxer.hikari.HikariDataSource       : HikariPool-1 - Starting...
2023-03-08 08:59:00.418  INFO 51920 --- [restartedMain] com.zaxxer.hikari.HikariDataSource       : HikariPool-1 - Start completed.
2023-03-08 08:59:00.432  INFO 51920 --- [restartedMain] org.hibernate.dialect.Dialect            : HHH000400: Using dialect: org.hibernate.dialect.MySQL55Dialect
2023-03-08 08:59:01.092  INFO 51920 --- [restartedMain] o.h.e.t.j.p.i.JtaPlatformInitiator       : HHH000490: Using JtaPlatform implementation: [org.hibernate.engine.transaction.jta.platform.internal.NoJtaPlatform]
2023-03-08 08:59:01.098  INFO 51920 --- [restartedMain] j.LocalContainerEntityManagerFactoryBean : Initialized JPA EntityManagerFactory for persistence unit 'default'
2023-03-08 08:59:01.760  INFO 51920 --- [restartedMain] o.s.s.web.DefaultSecurityFilterChain     : Will secure any request with [org.springframework.security.web.session.DisableEncodeUrlFilter@3d51c033, org.springframework.security.web.context.request.async.WebAsyncManagerIntegrationFilter@7f300f76, org.springframework.security.web.context.SecurityContextPersistenceFilter@616b10d3, org.springframework.security.web.header.HeaderWriterFilter@46fe7475, org.springframework.security.web.authentication.logout.LogoutFilter@737eb701, org.springframework.security.web.authentication.UsernamePasswordAuthenticationFilter@38ff4b84, org.springframework.security.web.savedrequest.RequestCacheAwareFilter@5fe032a, org.springframework.security.web.servletapi.SecurityContextHolderAwareRequestFilter@34c8781, org.springframework.security.web.authentication.AnonymousAuthenticationFilter@7e6a5a32, org.springframework.security.web.session.SessionManagementFilter@d6c09bc, org.springframework.security.web.access.ExceptionTranslationFilter@4910d611, org.springframework.security.web.access.intercept.AuthorizationFilter@292f1f20]
2023-03-08 08:59:01.837  WARN 51920 --- [restartedMain] JpaBaseConfiguration$JpaWebConfiguration : spring.jpa.open-in-view is enabled by default. Therefore, database queries may be performed during view rendering. Explicitly configure spring.jpa.open-in-view to disable this warning
2023-03-08 08:59:02.264  INFO 51920 --- [restartedMain] o.s.b.d.a.OptionalLiveReloadServer       : LiveReload server is running on port 35729
2023-03-08 08:59:02.300  INFO 51920 --- [restartedMain] o.s.b.w.embedded.tomcat.TomcatWebServer  : Tomcat started on port(s): 8080 (http) with context path ''
2023-03-08 08:59:02.313  INFO 51920 --- [restartedMain] c.e.C.ContactManagerApplication          : Started ContactManagerApplication in 4.852 seconds (JVM running for 5.392)
2023-03-08 08:59:10.360  INFO 51920 --- [http-nio-8080-exec-1] o.a.c.c.C.[Tomcat].[localhost].[/]       : Initializing Spring DispatcherServlet 'dispatcherServlet'
2023-03-08 08:59:10.360  INFO 51920 --- [http-nio-8080-exec-1] o.s.web.servlet.DispatcherServlet        : Initializing Servlet 'dispatcherServlet'
2023-03-08 08:59:10.362  INFO 51920 --- [http-nio-8080-exec-1] o.s.web.servlet.DispatcherServlet        : Completed initialization in 1 ms
2023-03-08 08:59:53.922  INFO 51920 --- [SpringApplicationShutdownHook] j.LocalContainerEntityManagerFactoryBean : Closing JPA EntityManagerFactory for persistence unit 'default'
2023-03-08 08:59:53.926  INFO 51920 --- [SpringApplicationShutdownHook] com.zaxxer.hikari.HikariDataSource       : HikariPool-1 - Shutdown initiated...
2023-03-08 08:59:53.933  INFO 51920 --- [SpringApplicationShutdownHook] com.zaxxer.hikari.HikariDataSource       : HikariPool-1 - Shutdown completed.
2023-03-08 08:59:56.426  INFO 18172 --- [restartedMain] c.e.C.ContactManagerApplication          : Starting ContactManagerApplication using Java 19.0.1 on PSNYXZHCG261 with PID 18172 (C:\Users\Learner_XZHCG261\IdeaProjects\ContactsManager\target\classes started by Learner_XZHCG261 in C:\Users\Learner_XZHCG261\IdeaProjects\ContactsManager)
2023-03-08 08:59:56.428  INFO 18172 --- [restartedMain] c.e.C.ContactManagerApplication          : No active profile set, falling back to 1 default profile: "default"
2023-03-08 08:59:56.501  INFO 18172 --- [restartedMain] .e.DevToolsPropertyDefaultsPostProcessor : Devtools property defaults active! Set 'spring.devtools.add-properties' to 'false' to disable
2023-03-08 08:59:56.501  INFO 18172 --- [restartedMain] .e.DevToolsPropertyDefaultsPostProcessor : For additional web related logging consider setting the 'logging.level.web' property to 'DEBUG'
2023-03-08 08:59:57.026  INFO 18172 --- [restartedMain] .s.d.r.c.RepositoryConfigurationDelegate : Bootstrapping Spring Data JPA repositories in DEFAULT mode.
2023-03-08 08:59:57.116  INFO 18172 --- [restartedMain] .s.d.r.c.RepositoryConfigurationDelegate : Finished Spring Data repository scanning in 79 ms. Found 3 JPA repository interfaces.
2023-03-08 08:59:58.181  INFO 18172 --- [restartedMain] o.s.b.w.embedded.tomcat.TomcatWebServer  : Tomcat initialized with port(s): 8080 (http)
2023-03-08 08:59:58.194  INFO 18172 --- [restartedMain] o.apache.catalina.core.StandardService   : Starting service [Tomcat]
2023-03-08 08:59:58.195  INFO 18172 --- [restartedMain] org.apache.catalina.core.StandardEngine  : Starting Servlet engine: [Apache Tomcat/9.0.71]
2023-03-08 08:59:58.288  INFO 18172 --- [restartedMain] o.a.c.c.C.[Tomcat].[localhost].[/]       : Initializing Spring embedded WebApplicationContext
2023-03-08 08:59:58.289  INFO 18172 --- [restartedMain] w.s.c.ServletWebServerApplicationContext : Root WebApplicationContext: initialization completed in 1787 ms
2023-03-08 08:59:58.513  INFO 18172 --- [restartedMain] o.hibernate.jpa.internal.util.LogHelper  : HHH000204: Processing PersistenceUnitInfo [name: default]
2023-03-08 08:59:58.558  INFO 18172 --- [restartedMain] org.hibernate.Version                    : HHH000412: Hibernate ORM core version 5.6.14.Final
2023-03-08 08:59:58.694  INFO 18172 --- [restartedMain] o.hibernate.annotations.common.Version   : HCANN000001: Hibernate Commons Annotations {5.1.2.Final}
2023-03-08 08:59:58.781  INFO 18172 --- [restartedMain] com.zaxxer.hikari.HikariDataSource       : HikariPool-1 - Starting...
2023-03-08 08:59:59.060  INFO 18172 --- [restartedMain] com.zaxxer.hikari.HikariDataSource       : HikariPool-1 - Start completed.
2023-03-08 08:59:59.072  INFO 18172 --- [restartedMain] org.hibernate.dialect.Dialect            : HHH000400: Using dialect: org.hibernate.dialect.MySQL55Dialect
2023-03-08 08:59:59.730  INFO 18172 --- [restartedMain] o.h.e.t.j.p.i.JtaPlatformInitiator       : HHH000490: Using JtaPlatform implementation: [org.hibernate.engine.transaction.jta.platform.internal.NoJtaPlatform]
2023-03-08 08:59:59.737  INFO 18172 --- [restartedMain] j.LocalContainerEntityManagerFactoryBean : Initialized JPA EntityManagerFactory for persistence unit 'default'
2023-03-08 09:00:00.441  INFO 18172 --- [restartedMain] o.s.s.web.DefaultSecurityFilterChain     : Will secure any request with [org.springframework.security.web.session.DisableEncodeUrlFilter@678826a7, org.springframework.security.web.context.request.async.WebAsyncManagerIntegrationFilter@5acee60, org.springframework.security.web.context.SecurityContextPersistenceFilter@2a701e72, org.springframework.security.web.header.HeaderWriterFilter@1ee58a38, org.springframework.security.web.authentication.logout.LogoutFilter@7f300f76, org.springframework.security.web.authentication.UsernamePasswordAuthenticationFilter@5b573224, org.springframework.security.web.savedrequest.RequestCacheAwareFilter@7e6afb4d, org.springframework.security.web.servletapi.SecurityContextHolderAwareRequestFilter@de42bc3, org.springframework.security.web.authentication.AnonymousAuthenticationFilter@76179350, org.springframework.security.web.session.SessionManagementFilter@43652bcf, org.springframework.security.web.access.ExceptionTranslationFilter@2cd2cfe4, org.springframework.security.web.access.intercept.AuthorizationFilter@7e4cd776]
2023-03-08 09:00:00.528  WARN 18172 --- [restartedMain] JpaBaseConfiguration$JpaWebConfiguration : spring.jpa.open-in-view is enabled by default. Therefore, database queries may be performed during view rendering. Explicitly configure spring.jpa.open-in-view to disable this warning
2023-03-08 09:00:01.000  INFO 18172 --- [restartedMain] o.s.b.d.a.OptionalLiveReloadServer       : LiveReload server is running on port 35729
2023-03-08 09:00:01.047  INFO 18172 --- [restartedMain] o.s.b.w.embedded.tomcat.TomcatWebServer  : Tomcat started on port(s): 8080 (http) with context path ''
2023-03-08 09:00:01.062  INFO 18172 --- [restartedMain] c.e.C.ContactManagerApplication          : Started ContactManagerApplication in 5.044 seconds (JVM running for 5.627)
2023-03-08 09:00:05.375  INFO 18172 --- [http-nio-8080-exec-1] o.a.c.c.C.[Tomcat].[localhost].[/]       : Initializing Spring DispatcherServlet 'dispatcherServlet'
2023-03-08 09:00:05.375  INFO 18172 --- [http-nio-8080-exec-1] o.s.web.servlet.DispatcherServlet        : Initializing Servlet 'dispatcherServlet'
2023-03-08 09:00:05.375  INFO 18172 --- [http-nio-8080-exec-1] o.s.web.servlet.DispatcherServlet        : Completed initialization in 0 ms
2023-03-08 09:00:51.949  INFO 18172 --- [http-nio-8080-exec-7] c.e.C.controller.HomeController          : user signup form
